<?xml version="1.0" encoding="UTF-8"?>
<!-- Generated by org.testng.reporters.JUnitXMLReporter -->
<testsuite ignored="0" hostname="LTIN674473" failures="0" tests="4" name="Default test" time="83.186" errors="0" timestamp="2026-07-22T13:22:31 IST">
  <testcase classname="tests.DraggableTest" name="testSimpleDraggable" time="4.624"/>
  <testcase classname="tests.DraggableTest" name="testAxisRestrictedDraggable" time="6.454"/>
  <testcase classname="tests.DraggableTest" name="testCursorStyleDraggable" time="10.89"/>
  <testcase classname="tests.DraggableTest" name="testContainerRestrictedElegant" time="14.107"/>
</testsuite> <!-- Default test -->
