<?xml version="1.0" encoding="UTF-8"?>
<!-- Generated by org.testng.reporters.JUnitXMLReporter -->
<testsuite ignored="2" hostname="LTIN674473" failures="0" tests="1" name="Default test" time="22.751" errors="0" timestamp="2026-07-09T15:12:32 IST">
  <testcase classname="tests.DroppableTests" name="testRevertDraggable" time="8.685"/>
  <testcase classname="tests.DroppableTests" name="testPreventPropagationDroppable" time="0.0">
    <ignored/>
  </testcase> <!-- testPreventPropagationDroppable -->
  <testcase classname="tests.DroppableTests" name="testSimpleDragAndDrop" time="0.0">
    <ignored/>
  </testcase> <!-- testSimpleDragAndDrop -->
</testsuite> <!-- Default test -->
