<?xml version="1.0" encoding="UTF-8"?>
<!-- Generated by org.testng.reporters.JUnitXMLReporter -->
<testsuite ignored="0" hostname="LTIN674473" failures="0" tests="14" name="E2E UI Tests" time="146.047" errors="0" timestamp="2026-07-09T15:41:04 IST">
  <testcase classname="tests.DraggableTest" name="testSimpleDraggable" time="5.265"/>
  <testcase classname="tests.ResizableTest" name="testResizableBoxWithRestriction" time="5.472"/>
  <testcase classname="tests.SelectableTest" name="testSelectableList" time="4.674"/>
  <testcase classname="tests.DroppableTests" name="testSimpleDragAndDrop" time="6.03"/>
  <testcase classname="tests.SortableTest" name="testSortableList" time="6.437"/>
  <testcase classname="tests.DraggableTest" name="testAxisRestrictedDraggable" time="7.218">
    <skipped/>
  </testcase> <!-- testAxisRestrictedDraggable -->
  <testcase classname="tests.SortableTest" name="testSortableGrid" time="6.745"/>
  <testcase classname="tests.ResizableTest" name="testResizableBoxWithoutRestriction" time="5.59"/>
  <testcase classname="tests.DroppableTests" name="testPreventPropagationDroppable" time="10.492"/>
  <testcase classname="tests.SelectableTest" name="testSelectableGrid" time="4.254"/>
  <testcase classname="tests.DraggableTest" name="testAxisRestrictedDraggable" time="6.654"/>
  <testcase classname="tests.DroppableTests" name="testRevertDraggable" time="7.749"/>
  <testcase classname="tests.DraggableTest" name="testCursorStyleDraggable" time="11.333"/>
  <testcase classname="tests.DraggableTest" name="testContainerRestrictedElegant" time="12.18"/>
</testsuite> <!-- E2E UI Tests -->
