<?xml version="1.0" encoding="UTF-8"?>
<!-- Generated by org.testng.reporters.JUnitXMLReporter -->
<testsuite ignored="0" hostname="LTIN674473" failures="0" tests="13" name="E2E UI Tests" time="208.395" errors="0" timestamp="2026-07-22T13:57:13 IST">
  <testcase classname="tests.SelectableTest" name="testSelectableList" time="3.592"/>
  <testcase classname="tests.SelectableTest" name="testSelectableGrid" time="3.083"/>
  <testcase classname="tests.DroppableTests" name="testSimpleDragAndDrop" time="4.574"/>
  <testcase classname="tests.DroppableTests" name="testPreventPropagationDroppable" time="10.005"/>
  <testcase classname="tests.DroppableTests" name="testRevertDraggable" time="9.229"/>
  <testcase classname="tests.ResizableTest" name="testResizableBoxWithRestriction" time="4.094"/>
  <testcase classname="tests.ResizableTest" name="testResizableBoxWithoutRestriction" time="3.516"/>
  <testcase classname="tests.DraggableTest" name="testSimpleDraggable" time="4.885"/>
  <testcase classname="tests.DraggableTest" name="testAxisRestrictedDraggable" time="6.601"/>
  <testcase classname="tests.DraggableTest" name="testCursorStyleDraggable" time="10.811"/>
  <testcase classname="tests.DraggableTest" name="testContainerRestrictedElegant" time="13.847"/>
  <testcase classname="tests.SortableTest" name="testSortableList" time="4.415"/>
  <testcase classname="tests.SortableTest" name="testSortableGrid" time="4.255"/>
</testsuite> <!-- E2E UI Tests -->
