<?xml version="1.0" encoding="UTF-8"?>
<!-- Generated by org.testng.reporters.JUnitXMLReporter -->
<testsuite ignored="0" hostname="LTIN674473" failures="1" tests="13" name="Test" time="302.779" errors="0" timestamp="2026-07-07T13:11:26 IST">
  <testcase classname="tests.SelectableTest" name="testSelectableList" time="4.177"/>
  <testcase classname="tests.SelectableTest" name="testSelectableGrid" time="3.869"/>
  <testcase classname="tests.DroppableTests" name="testRevertDraggable" time="11.434"/>
  <testcase classname="tests.ResizableTest" name="testResizableBoxWithRestriction" time="4.23"/>
  <testcase classname="tests.ResizableTest" name="testResizableBoxWithoutRestriction" time="24.056">
    <skipped/>
  </testcase> <!-- testResizableBoxWithoutRestriction -->
  <testcase classname="tests.ResizableTest" name="testResizableBoxWithoutRestriction" time="24.633">
    <skipped/>
  </testcase> <!-- testResizableBoxWithoutRestriction -->
  <testcase classname="tests.ResizableTest" name="testResizableBoxWithoutRestriction" time="24.434">
    <failure type="org.openqa.selenium.TimeoutException" message="Expected condition failed: waiting for pages.ResizablePage$$Lambda/0x000001de012b3b18@1c3259fa (tried for 20 second(s) with 500 milliseconds interval)
Build info: version: &amp;apos;4.38.0&amp;apos;, revision: &amp;apos;6b412e825c*&amp;apos;
System info: os.name: &amp;apos;Windows 11&amp;apos;, os.arch: &amp;apos;amd64&amp;apos;, os.version: &amp;apos;10.0&amp;apos;, java.version: &amp;apos;21&amp;apos;
Driver info: org.openqa.selenium.edge.EdgeDriver
Capabilities {acceptInsecureCerts: false, browserName: MicrosoftEdge, browserVersion: 150.0.4078.48, fedcm:accounts: true, goog:processID: 29220, ms:edgeOptions: {debuggerAddress: localhost:60724}, msedge: {msedgedriverVersion: 150.0.4078.48 (6362dfa84aa4..., userDataDir: C:\Users\2457272\AppData\Lo...}, networkConnectionEnabled: false, pageLoadStrategy: normal, platformName: windows, proxy: Proxy(), se:cdp: ws://localhost:60724/devtoo..., se:cdpVersion: 150.0.4078.48, setWindowRect: true, strictFileInteractability: false, timeouts: {implicit: 0, pageLoad: 300000, script: 30000}, unhandledPromptBehavior: dismiss and notify, webauthn:extension:credBlob: true, webauthn:extension:largeBlob: true, webauthn:extension:minPinLength: true, webauthn:extension:prf: true, webauthn:virtualAuthenticators: true}
Session ID: 7825bdb911fe1854fd43547a5c9c5e3e">
      <![CDATA[org.openqa.selenium.TimeoutException: Expected condition failed: waiting for pages.ResizablePage$$Lambda/0x000001de012b3b18@1c3259fa (tried for 20 second(s) with 500 milliseconds interval)
Build info: version: '4.38.0', revision: '6b412e825c*'
System info: os.name: 'Windows 11', os.arch: 'amd64', os.version: '10.0', java.version: '21'
Driver info: org.openqa.selenium.edge.EdgeDriver
Capabilities {acceptInsecureCerts: false, browserName: MicrosoftEdge, browserVersion: 150.0.4078.48, fedcm:accounts: true, goog:processID: 29220, ms:edgeOptions: {debuggerAddress: localhost:60724}, msedge: {msedgedriverVersion: 150.0.4078.48 (6362dfa84aa4..., userDataDir: C:\Users\2457272\AppData\Lo...}, networkConnectionEnabled: false, pageLoadStrategy: normal, platformName: windows, proxy: Proxy(), se:cdp: ws://localhost:60724/devtoo..., se:cdpVersion: 150.0.4078.48, setWindowRect: true, strictFileInteractability: false, timeouts: {implicit: 0, pageLoad: 300000, script: 30000}, unhandledPromptBehavior: dismiss and notify, webauthn:extension:credBlob: true, webauthn:extension:largeBlob: true, webauthn:extension:minPinLength: true, webauthn:extension:prf: true, webauthn:virtualAuthenticators: true}
Session ID: 7825bdb911fe1854fd43547a5c9c5e3e
at org.openqa.selenium.support.ui.WebDriverWait.timeoutException(WebDriverWait.java:84)
at org.openqa.selenium.support.ui.FluentWait.until(FluentWait.java:228)
at pages.ResizablePage.resizeUnrestrictedBox(ResizablePage.java:99)
at tests.ResizableTest.testResizableBoxWithoutRestriction(ResizableTest.java:32)
at java.base/java.util.ArrayList.forEach(ArrayList.java:1596)
... Removed 25 stack frames]]>
    </failure>
  </testcase> <!-- testResizableBoxWithoutRestriction -->
  <testcase classname="tests.DraggableTest" name="testSimpleDraggable" time="4.621"/>
  <testcase classname="tests.DraggableTest" name="testAxisRestrictedDraggable" time="6.212"/>
  <testcase classname="tests.DraggableTest" name="testCursorStyleDraggable" time="10.443"/>
  <testcase classname="tests.DraggableTest" name="testContainerRestrictedElegant" time="12.657"/>
  <testcase classname="tests.SortableTest" name="testSortableList" time="4.639"/>
  <testcase classname="tests.SortableTest" name="testSortableGrid" time="4.486"/>
</testsuite> <!-- Test -->
