<?xml version="1.0" encoding="UTF-8"?>
<testng-results ignored="0" total="13" passed="13" failed="0" skipped="0">
  <reporter-output>
  </reporter-output>
  <suite started-at="2026-07-22T13:53:45 IST" name="Suite" finished-at="2026-07-22T13:57:13 IST" duration-ms="208395">
    <groups>
    </groups>
    <test started-at="2026-07-22T13:53:45 IST" name="E2E UI Tests" finished-at="2026-07-22T13:57:13 IST" duration-ms="208395">
      <class name="tests.DraggableTest">
        <test-method is-config="true" signature="setUp()[pri:0, instance:tests.DraggableTest@3eb738bb]" started-at="2026-07-22T13:55:30 IST" name="setUp" finished-at="2026-07-22T13:55:35 IST" duration-ms="4660" status="PASS">
          <reporter-output>
          </reporter-output>
        </test-method> <!-- setUp -->
        <test-method signature="testSimpleDraggable()[pri:1, instance:tests.DraggableTest@3eb738bb]" started-at="2026-07-22T13:55:35 IST" name="testSimpleDraggable" finished-at="2026-07-22T13:55:40 IST" duration-ms="4885" status="PASS">
          <reporter-output>
          </reporter-output>
        </test-method> <!-- testSimpleDraggable -->
        <test-method is-config="true" signature="tearDown()[pri:0, instance:tests.DraggableTest@3eb738bb]" started-at="2026-07-22T13:55:40 IST" name="tearDown" finished-at="2026-07-22T13:55:44 IST" duration-ms="3782" status="PASS">
          <reporter-output>
          </reporter-output>
        </test-method> <!-- tearDown -->
        <test-method is-config="true" signature="setUp()[pri:0, instance:tests.DraggableTest@3eb738bb]" started-at="2026-07-22T13:55:44 IST" name="setUp" finished-at="2026-07-22T13:55:48 IST" duration-ms="4704" status="PASS">
          <reporter-output>
          </reporter-output>
        </test-method> <!-- setUp -->
        <test-method signature="testAxisRestrictedDraggable()[pri:2, instance:tests.DraggableTest@3eb738bb]" started-at="2026-07-22T13:55:48 IST" name="testAxisRestrictedDraggable" finished-at="2026-07-22T13:55:55 IST" duration-ms="6601" status="PASS">
          <reporter-output>
          </reporter-output>
        </test-method> <!-- testAxisRestrictedDraggable -->
        <test-method is-config="true" signature="tearDown()[pri:0, instance:tests.DraggableTest@3eb738bb]" started-at="2026-07-22T13:55:55 IST" name="tearDown" finished-at="2026-07-22T13:56:00 IST" duration-ms="4663" status="PASS">
          <reporter-output>
          </reporter-output>
        </test-method> <!-- tearDown -->
        <test-method is-config="true" signature="setUp()[pri:0, instance:tests.DraggableTest@3eb738bb]" started-at="2026-07-22T13:56:00 IST" name="setUp" finished-at="2026-07-22T13:56:04 IST" duration-ms="4739" status="PASS">
          <reporter-output>
          </reporter-output>
        </test-method> <!-- setUp -->
        <test-method signature="testCursorStyleDraggable()[pri:3, instance:tests.DraggableTest@3eb738bb]" started-at="2026-07-22T13:56:04 IST" name="testCursorStyleDraggable" finished-at="2026-07-22T13:56:15 IST" duration-ms="10811" status="PASS">
          <reporter-output>
          </reporter-output>
        </test-method> <!-- testCursorStyleDraggable -->
        <test-method is-config="true" signature="tearDown()[pri:0, instance:tests.DraggableTest@3eb738bb]" started-at="2026-07-22T13:56:15 IST" name="tearDown" finished-at="2026-07-22T13:56:20 IST" duration-ms="4874" status="PASS">
          <reporter-output>
          </reporter-output>
        </test-method> <!-- tearDown -->
        <test-method is-config="true" signature="setUp()[pri:0, instance:tests.DraggableTest@3eb738bb]" started-at="2026-07-22T13:56:20 IST" name="setUp" finished-at="2026-07-22T13:56:25 IST" duration-ms="4572" status="PASS">
          <reporter-output>
          </reporter-output>
        </test-method> <!-- setUp -->
        <test-method signature="testContainerRestrictedElegant()[pri:4, instance:tests.DraggableTest@3eb738bb]" started-at="2026-07-22T13:56:25 IST" name="testContainerRestrictedElegant" finished-at="2026-07-22T13:56:39 IST" duration-ms="13847" status="PASS">
          <reporter-output>
          </reporter-output>
        </test-method> <!-- testContainerRestrictedElegant -->
        <test-method is-config="true" signature="tearDown()[pri:0, instance:tests.DraggableTest@3eb738bb]" started-at="2026-07-22T13:56:39 IST" name="tearDown" finished-at="2026-07-22T13:56:44 IST" duration-ms="5436" status="PASS">
          <reporter-output>
          </reporter-output>
        </test-method> <!-- tearDown -->
      </class> <!-- tests.DraggableTest -->
      <class name="tests.ResizableTest">
        <test-method is-config="true" signature="setUp()[pri:0, instance:tests.ResizableTest@229f66ed]" started-at="2026-07-22T13:55:06 IST" name="setUp" finished-at="2026-07-22T13:55:11 IST" duration-ms="4741" status="PASS">
          <reporter-output>
          </reporter-output>
        </test-method> <!-- setUp -->
        <test-method signature="testResizableBoxWithRestriction()[pri:1, instance:tests.ResizableTest@229f66ed]" started-at="2026-07-22T13:55:11 IST" name="testResizableBoxWithRestriction" description="Verify resizing of a box with max/min constraints" finished-at="2026-07-22T13:55:15 IST" duration-ms="4094" status="PASS">
          <reporter-output>
          </reporter-output>
        </test-method> <!-- testResizableBoxWithRestriction -->
        <test-method is-config="true" signature="tearDown()[pri:0, instance:tests.ResizableTest@229f66ed]" started-at="2026-07-22T13:55:15 IST" name="tearDown" finished-at="2026-07-22T13:55:19 IST" duration-ms="3636" status="PASS">
          <reporter-output>
          </reporter-output>
        </test-method> <!-- tearDown -->
        <test-method is-config="true" signature="setUp()[pri:0, instance:tests.ResizableTest@229f66ed]" started-at="2026-07-22T13:55:19 IST" name="setUp" finished-at="2026-07-22T13:55:23 IST" duration-ms="4659" status="PASS">
          <reporter-output>
          </reporter-output>
        </test-method> <!-- setUp -->
        <test-method signature="testResizableBoxWithoutRestriction()[pri:2, instance:tests.ResizableTest@229f66ed]" started-at="2026-07-22T13:55:23 IST" name="testResizableBoxWithoutRestriction" description="Verify free resizing of an unrestricted box" finished-at="2026-07-22T13:55:27 IST" duration-ms="3516" status="PASS">
          <reporter-output>
          </reporter-output>
        </test-method> <!-- testResizableBoxWithoutRestriction -->
        <test-method is-config="true" signature="tearDown()[pri:0, instance:tests.ResizableTest@229f66ed]" started-at="2026-07-22T13:55:27 IST" name="tearDown" finished-at="2026-07-22T13:55:30 IST" duration-ms="3456" status="PASS">
          <reporter-output>
          </reporter-output>
        </test-method> <!-- tearDown -->
      </class> <!-- tests.ResizableTest -->
      <class name="tests.DroppableTests">
        <test-method is-config="true" signature="setUp()[pri:0, instance:tests.DroppableTests@7dcf94f8]" started-at="2026-07-22T13:54:10 IST" name="setUp" finished-at="2026-07-22T13:54:15 IST" duration-ms="4933" status="PASS">
          <reporter-output>
          </reporter-output>
        </test-method> <!-- setUp -->
        <test-method signature="testSimpleDragAndDrop()[pri:1, instance:tests.DroppableTests@7dcf94f8]" started-at="2026-07-22T13:54:15 IST" name="testSimpleDragAndDrop" description="Verify Simple Drag and Drop functionality" finished-at="2026-07-22T13:54:19 IST" duration-ms="4574" status="PASS">
          <reporter-output>
          </reporter-output>
        </test-method> <!-- testSimpleDragAndDrop -->
        <test-method is-config="true" signature="tearDown()[pri:0, instance:tests.DroppableTests@7dcf94f8]" started-at="2026-07-22T13:54:19 IST" name="tearDown" finished-at="2026-07-22T13:54:25 IST" duration-ms="5813" status="PASS">
          <reporter-output>
          </reporter-output>
        </test-method> <!-- tearDown -->
        <test-method is-config="true" signature="setUp()[pri:0, instance:tests.DroppableTests@7dcf94f8]" started-at="2026-07-22T13:54:25 IST" name="setUp" finished-at="2026-07-22T13:54:30 IST" duration-ms="5111" status="PASS">
          <reporter-output>
          </reporter-output>
        </test-method> <!-- setUp -->
        <test-method signature="testPreventPropagationDroppable()[pri:3, instance:tests.DroppableTests@7dcf94f8]" started-at="2026-07-22T13:54:30 IST" name="testPreventPropagationDroppable" description="Verify Prevent Propagation behavior on nested drop boxes" finished-at="2026-07-22T13:54:40 IST" duration-ms="10005" status="PASS">
          <reporter-output>
          </reporter-output>
        </test-method> <!-- testPreventPropagationDroppable -->
        <test-method is-config="true" signature="tearDown()[pri:0, instance:tests.DroppableTests@7dcf94f8]" started-at="2026-07-22T13:54:40 IST" name="tearDown" finished-at="2026-07-22T13:54:45 IST" duration-ms="4911" status="PASS">
          <reporter-output>
          </reporter-output>
        </test-method> <!-- tearDown -->
        <test-method is-config="true" signature="setUp()[pri:0, instance:tests.DroppableTests@7dcf94f8]" started-at="2026-07-22T13:54:45 IST" name="setUp" finished-at="2026-07-22T13:54:52 IST" duration-ms="6574" status="PASS">
          <reporter-output>
          </reporter-output>
        </test-method> <!-- setUp -->
        <test-method signature="testRevertDraggable()[pri:4, instance:tests.DroppableTests@7dcf94f8]" started-at="2026-07-22T13:54:52 IST" name="testRevertDraggable" description="Verify Revertible Drag and Drop behavior for both reverting and non-reverting boxes" finished-at="2026-07-22T13:55:01 IST" duration-ms="9229" status="PASS">
          <reporter-output>
          </reporter-output>
        </test-method> <!-- testRevertDraggable -->
        <test-method is-config="true" signature="tearDown()[pri:0, instance:tests.DroppableTests@7dcf94f8]" started-at="2026-07-22T13:55:01 IST" name="tearDown" finished-at="2026-07-22T13:55:06 IST" duration-ms="5204" status="PASS">
          <reporter-output>
          </reporter-output>
        </test-method> <!-- tearDown -->
      </class> <!-- tests.DroppableTests -->
      <class name="tests.SortableTest">
        <test-method is-config="true" signature="setUp()[pri:0, instance:tests.SortableTest@5bda8e08]" started-at="2026-07-22T13:56:44 IST" name="setUp" finished-at="2026-07-22T13:56:49 IST" duration-ms="4832" status="PASS">
          <reporter-output>
          </reporter-output>
        </test-method> <!-- setUp -->
        <test-method signature="testSortableList()[pri:1, instance:tests.SortableTest@5bda8e08]" started-at="2026-07-22T13:56:49 IST" name="testSortableList" description="Verify drag-and-drop sorting in a List view" finished-at="2026-07-22T13:56:53 IST" duration-ms="4415" status="PASS">
          <reporter-output>
          </reporter-output>
        </test-method> <!-- testSortableList -->
        <test-method is-config="true" signature="tearDown()[pri:0, instance:tests.SortableTest@5bda8e08]" started-at="2026-07-22T13:56:53 IST" name="tearDown" finished-at="2026-07-22T13:56:59 IST" duration-ms="5328" status="PASS">
          <reporter-output>
          </reporter-output>
        </test-method> <!-- tearDown -->
        <test-method is-config="true" signature="setUp()[pri:0, instance:tests.SortableTest@5bda8e08]" started-at="2026-07-22T13:56:59 IST" name="setUp" finished-at="2026-07-22T13:57:04 IST" duration-ms="4994" status="PASS">
          <reporter-output>
          </reporter-output>
        </test-method> <!-- setUp -->
        <test-method signature="testSortableGrid()[pri:2, instance:tests.SortableTest@5bda8e08]" started-at="2026-07-22T13:57:04 IST" name="testSortableGrid" description="Verify drag-and-drop sorting in a Grid view" finished-at="2026-07-22T13:57:08 IST" duration-ms="4255" status="PASS">
          <reporter-output>
          </reporter-output>
        </test-method> <!-- testSortableGrid -->
        <test-method is-config="true" signature="tearDown()[pri:0, instance:tests.SortableTest@5bda8e08]" started-at="2026-07-22T13:57:08 IST" name="tearDown" finished-at="2026-07-22T13:57:13 IST" duration-ms="5349" status="PASS">
          <reporter-output>
          </reporter-output>
        </test-method> <!-- tearDown -->
      </class> <!-- tests.SortableTest -->
      <class name="tests.SelectableTest">
        <test-method is-config="true" signature="setUp()[pri:0, instance:tests.SelectableTest@33d512c1]" started-at="2026-07-22T13:53:45 IST" name="setUp" finished-at="2026-07-22T13:53:51 IST" duration-ms="5598" status="PASS">
          <reporter-output>
          </reporter-output>
        </test-method> <!-- setUp -->
        <test-method signature="testSelectableList()[pri:1, instance:tests.SelectableTest@33d512c1]" started-at="2026-07-22T13:53:51 IST" name="testSelectableList" description="Verify random selection of elements in a vertical List format" finished-at="2026-07-22T13:53:54 IST" duration-ms="3592" status="PASS">
          <reporter-output>
          </reporter-output>
        </test-method> <!-- testSelectableList -->
        <test-method is-config="true" signature="tearDown()[pri:0, instance:tests.SelectableTest@33d512c1]" started-at="2026-07-22T13:53:54 IST" name="tearDown" finished-at="2026-07-22T13:53:58 IST" duration-ms="3614" status="PASS">
          <reporter-output>
          </reporter-output>
        </test-method> <!-- tearDown -->
        <test-method is-config="true" signature="setUp()[pri:0, instance:tests.SelectableTest@33d512c1]" started-at="2026-07-22T13:53:58 IST" name="setUp" finished-at="2026-07-22T13:54:03 IST" duration-ms="5404" status="PASS">
          <reporter-output>
          </reporter-output>
        </test-method> <!-- setUp -->
        <test-method signature="testSelectableGrid()[pri:2, instance:tests.SelectableTest@33d512c1]" started-at="2026-07-22T13:54:03 IST" name="testSelectableGrid" description="Verify random selection of elements in a Grid format" finished-at="2026-07-22T13:54:06 IST" duration-ms="3083" status="PASS">
          <reporter-output>
          </reporter-output>
        </test-method> <!-- testSelectableGrid -->
        <test-method is-config="true" signature="tearDown()[pri:0, instance:tests.SelectableTest@33d512c1]" started-at="2026-07-22T13:54:06 IST" name="tearDown" finished-at="2026-07-22T13:54:10 IST" duration-ms="3628" status="PASS">
          <reporter-output>
          </reporter-output>
        </test-method> <!-- tearDown -->
      </class> <!-- tests.SelectableTest -->
    </test> <!-- E2E UI Tests -->
  </suite> <!-- Suite -->
</testng-results>
