<?xml version="1.0" encoding="UTF-8"?>
<!-- Generated by org.testng.reporters.JUnitReportReporter -->
<testsuite hostname="LTIN674473" failures="0" tests="2" name="tests.ResizableTest" time="90.025" errors="0" timestamp="2026-07-09T15:41:05 IST" skipped="0">
  <testcase classname="tests.ResizableTest" name="testResizableBoxWithRestriction" time="38.818"/>
  <testcase classname="tests.ResizableTest" name="testResizableBoxWithoutRestriction" time="51.207"/>
</testsuite> <!-- tests.ResizableTest -->
