<?xml version="1.0" encoding="UTF-8"?>
<!-- Generated by org.testng.reporters.JUnitReportReporter -->
<testsuite hostname="LTIN674473" failures="0" tests="3" name="tests.DroppableTests" time="111.495" errors="0" timestamp="2026-07-09T15:41:05 IST" skipped="0">
  <testcase classname="tests.DroppableTests" name="testSimpleDragAndDrop" time="19.182"/>
  <testcase classname="tests.DroppableTests" name="testPreventPropagationDroppable" time="38.721"/>
  <testcase classname="tests.DroppableTests" name="testRevertDraggable" time="53.592"/>
</testsuite> <!-- tests.DroppableTests -->
