<?xml version="1.0" encoding="UTF-8"?>
<!-- Generated by org.testng.reporters.JUnitReportReporter -->
<testsuite hostname="LTIN674473" failures="0" tests="4" name="tests.DraggableTest" time="73.574" errors="0" timestamp="2026-07-22T13:57:14 IST" skipped="0">
  <testcase classname="tests.DraggableTest" name="testSimpleDraggable" time="14.252"/>
  <testcase classname="tests.DraggableTest" name="testAxisRestrictedDraggable" time="16.776"/>
  <testcase classname="tests.DraggableTest" name="testCursorStyleDraggable" time="19.253"/>
  <testcase classname="tests.DraggableTest" name="testContainerRestrictedElegant" time="23.293"/>
</testsuite> <!-- tests.DraggableTest -->
