<?xml version="1.0" encoding="UTF-8"?>
<!-- Generated by org.testng.reporters.JUnitReportReporter -->
<testsuite hostname="LTIN674473" failures="0" tests="5" name="tests.DraggableTest" time="145.655" errors="0" timestamp="2026-07-09T15:41:05 IST" skipped="1">
  <testcase classname="tests.DraggableTest" name="testSimpleDraggable" time="15.517"/>
  <testcase classname="tests.DraggableTest" name="testAxisRestrictedDraggable" time="21.496"/>
  <testcase classname="tests.DraggableTest" name="testAxisRestrictedDraggable" time="42.354">
    <skipped/>
  </testcase> <!-- testAxisRestrictedDraggable -->
  <testcase classname="tests.DraggableTest" name="testCursorStyleDraggable" time="31.814"/>
  <testcase classname="tests.DraggableTest" name="testContainerRestrictedElegant" time="34.474"/>
</testsuite> <!-- tests.DraggableTest -->
