<?xml version="1.0" encoding="UTF-8"?>
<!-- Generated by org.testng.reporters.JUnitReportReporter -->
<testsuite hostname="LTIN674473" failures="0" tests="3" name="tests.DroppableTests" time="56.354" errors="0" timestamp="2026-07-22T13:57:14 IST" skipped="0">
  <testcase classname="tests.DroppableTests" name="testSimpleDragAndDrop" time="15.498"/>
  <testcase classname="tests.DroppableTests" name="testPreventPropagationDroppable" time="21.783"/>
  <testcase classname="tests.DroppableTests" name="testRevertDraggable" time="19.073"/>
</testsuite> <!-- tests.DroppableTests -->
